C51 COMPILER V9.59.0.0   WATER_LEVEL_BASED_MOTOR_CONTROL                                   03/26/2019 21:27:13 PAGE 1   


C51 COMPILER V9.59.0.0, COMPILATION OF MODULE WATER_LEVEL_BASED_MOTOR_CONTROL
OBJECT MODULE PLACED IN .\Objects\Water_Level_Based_Motor_Control.obj
COMPILER INVOKED BY: C:\Keil_v5\C51\BIN\C51.EXE Water_Level_Based_Motor_Control.c OPTIMIZE(8,SPEED) BROWSE DEBUG OBJECTE
                    -XTEND PRINT(.\Listings\Water_Level_Based_Motor_Control.lst) TABS(2) OBJECT(.\Objects\Water_Level_Based_Motor_Control.obj
                    -)

line level    source

   1          #include <REG51.H>
   2          
   3          sbit low1 = P1^0;
   4          sbit high1 = P3^0;
   5          sbit motor1 = P2^0;
   6          
   7          void main()
   8          {
   9   1      
  10   1        while(1)
  11   1        {
  12   2          if(low1==0)
  13   2          {
  14   3            if(high1==0)
  15   3              motor1 = 1;
  16   3            else if(low1==1 && high1==0) 
  17   3              motor1 = 1;
  18   3            
  19   3          }
  20   2          else if(low1==1 && high1==1)
  21   2              motor1 =0;
  22   2        }
  23   1      }


MODULE INFORMATION:   STATIC OVERLAYABLE
   CODE SIZE        =     30    ----
   CONSTANT SIZE    =   ----    ----
   XDATA SIZE       =   ----    ----
   PDATA SIZE       =   ----    ----
   DATA SIZE        =   ----    ----
   IDATA SIZE       =   ----    ----
   BIT SIZE         =   ----    ----
END OF MODULE INFORMATION.


C51 COMPILATION COMPLETE.  0 WARNING(S),  0 ERROR(S)
